<?xml version="1.0" encoding="UTF-8"?>
<testsuite name="Data Provider Test"
           tests="7"
           failures="1"
           errors="0"
           skipped="0"
           time="51.020">
  <properties />
            <testcase name="verifyJobSearchResultUsingDifferentDataSet" time="22.466" classname="uk.co.library.testsuit.JobSearchTest">
                <failure type="org.openqa.selenium.NoSuchElementException"
                  message="Cannot locate option with text: up to 20 miles
For documentation on this error, please visit: https://selenium.dev/exceptions/#no_such_element
Build info: version: &apos;4.6.0&apos;, revision: &apos;79f1c02ae20&apos;
System info: os.name: &apos;Windows 10&apos;, os.arch: &apos;amd64&apos;, os.version: &apos;10.0&apos;, java.version: &apos;1.8.0_121&apos;
Driver info: driver.version: unknown"
              >
<![CDATA[org.openqa.selenium.NoSuchElementException: Cannot locate option with text: up to 20 miles
For documentation on this error, please visit: https://selenium.dev/exceptions/#no_such_element
Build info: version: '4.6.0', revision: '79f1c02ae20'
System info: os.name: 'Windows 10', os.arch: 'amd64', os.version: '10.0', java.version: '1.8.0_121'
Driver info: driver.version: unknown
  org.openqa.selenium.support.ui.Select.selectByVisibleText(Select.java:153)
  uk.co.library.utility.Utility.selectByVisibleTextFromDropDown(Utility.java:146)
  uk.co.library.pages.HomePage.selectDistance(HomePage.java:54)
  uk.co.library.testsuit.JobSearchTest.verifyJobSearchResultUsingDifferentDataSet(JobSearchTest.java:25)
  sun.reflect.NativeMethodAccessorImpl.invoke0(Native Method)
  sun.reflect.NativeMethodAccessorImpl.invoke(NativeMethodAccessorImpl.java:62)
  sun.reflect.DelegatingMethodAccessorImpl.invoke(DelegatingMethodAccessorImpl.java:43)
  java.lang.reflect.Method.invoke(Method.java:498)
  org.testng.internal.invokers.MethodInvocationHelper.invokeMethod(MethodInvocationHelper.java:135)
  org.testng.internal.invokers.TestInvoker.invokeMethod(TestInvoker.java:673)
  org.testng.internal.invokers.TestInvoker.invokeTestMethod(TestInvoker.java:220)
  org.testng.internal.invokers.MethodRunner.runInSequence(MethodRunner.java:50)
  org.testng.internal.invokers.TestInvoker$MethodInvocationAgent.invoke(TestInvoker.java:945)
  org.testng.internal.invokers.TestInvoker.invokeTestMethods(TestInvoker.java:193)
  org.testng.internal.invokers.TestMethodWorker.invokeTestMethods(TestMethodWorker.java:146)
  org.testng.internal.invokers.TestMethodWorker.run(TestMethodWorker.java:128)
  java.util.ArrayList.forEach(ArrayList.java:1249)
  org.testng.TestRunner.privateRun(TestRunner.java:808)
  org.testng.TestRunner.run(TestRunner.java:603)
  org.testng.SuiteRunner.runTest(SuiteRunner.java:429)
  org.testng.SuiteRunner.runSequentially(SuiteRunner.java:423)
  org.testng.SuiteRunner.privateRun(SuiteRunner.java:383)
  org.testng.SuiteRunner.run(SuiteRunner.java:326)
  org.testng.SuiteRunnerWorker.runSuite(SuiteRunnerWorker.java:52)
  org.testng.SuiteRunnerWorker.run(SuiteRunnerWorker.java:95)
  org.testng.TestNG.runSuitesSequentially(TestNG.java:1249)
  org.testng.TestNG.runSuitesLocally(TestNG.java:1169)
  org.testng.TestNG.runSuites(TestNG.java:1092)
  org.testng.TestNG.run(TestNG.java:1060)
  com.intellij.rt.testng.IDEARemoteTestNG.run(IDEARemoteTestNG.java:66)
  com.intellij.rt.testng.RemoteTestNGStarter.main(RemoteTestNGStarter.java:109)
]]>
      </failure>

          </testcase>
  
  
            <testcase name="verifyJobSearchResultUsingDifferentDataSet" time="4.950" classname="uk.co.library.testsuit.JobSearchTest" />
                <testcase name="verifyJobSearchResultUsingDifferentDataSet" time="4.760" classname="uk.co.library.testsuit.JobSearchTest" />
                <testcase name="verifyJobSearchResultUsingDifferentDataSet" time="5.200" classname="uk.co.library.testsuit.JobSearchTest" />
                <testcase name="verifyJobSearchResultUsingDifferentDataSet" time="4.697" classname="uk.co.library.testsuit.JobSearchTest" />
                <testcase name="verifyJobSearchResultUsingDifferentDataSet" time="4.084" classname="uk.co.library.testsuit.JobSearchTest" />
                <testcase name="verifyJobSearchResultUsingDifferentDataSet" time="4.863" classname="uk.co.library.testsuit.JobSearchTest" />
      
</testsuite>
