<?xml version="1.0" encoding="UTF-8"?>
<!-- Generated by org.testng.reporters.JUnitXMLReporter -->
<testsuite hostname="DBHOMEHP" ignored="0" name="Data Provider Test" tests="7" failures="1" timestamp="2022-12-15T21:29:11 GMT" time="78.439" errors="0">
  <testcase name="verifyJobSearchResultUsingDifferentDataSet" time="5.2" classname="uk.co.library.testsuit.JobSearchTest"/>
  <testcase name="verifyJobSearchResultUsingDifferentDataSet" time="4.863" classname="uk.co.library.testsuit.JobSearchTest"/>
  <testcase name="verifyJobSearchResultUsingDifferentDataSet" time="4.697" classname="uk.co.library.testsuit.JobSearchTest"/>
  <testcase name="verifyJobSearchResultUsingDifferentDataSet" time="4.95" classname="uk.co.library.testsuit.JobSearchTest"/>
  <testcase name="verifyJobSearchResultUsingDifferentDataSet" time="4.76" classname="uk.co.library.testsuit.JobSearchTest"/>
  <testcase name="verifyJobSearchResultUsingDifferentDataSet" time="22.466" classname="uk.co.library.testsuit.JobSearchTest">
    <failure type="org.openqa.selenium.NoSuchElementException" message="Cannot locate option with text: up to 20 miles
For documentation on this error, please visit: https://selenium.dev/exceptions/#no_such_element
Build info: version: &amp;apos;4.6.0&amp;apos;, revision: &amp;apos;79f1c02ae20&amp;apos;
System info: os.name: &amp;apos;Windows 10&amp;apos;, os.arch: &amp;apos;amd64&amp;apos;, os.version: &amp;apos;10.0&amp;apos;, java.version: &amp;apos;1.8.0_121&amp;apos;
Driver info: driver.version: unknown">
      <![CDATA[org.openqa.selenium.NoSuchElementException: Cannot locate option with text: up to 20 miles
For documentation on this error, please visit: https://selenium.dev/exceptions/#no_such_element
Build info: version: '4.6.0', revision: '79f1c02ae20'
System info: os.name: 'Windows 10', os.arch: 'amd64', os.version: '10.0', java.version: '1.8.0_121'
Driver info: driver.version: unknown
at org.openqa.selenium.support.ui.Select.selectByVisibleText(Select.java:153)
at uk.co.library.utility.Utility.selectByVisibleTextFromDropDown(Utility.java:146)
at uk.co.library.pages.HomePage.selectDistance(HomePage.java:54)
at uk.co.library.testsuit.JobSearchTest.verifyJobSearchResultUsingDifferentDataSet(JobSearchTest.java:25)
at java.util.ArrayList.forEach(ArrayList.java:1249)
at com.intellij.rt.testng.IDEARemoteTestNG.run(IDEARemoteTestNG.java:66)
at com.intellij.rt.testng.RemoteTestNGStarter.main(RemoteTestNGStarter.java:109)
... Removed 24 stack frames]]>
    </failure>
  </testcase> <!-- verifyJobSearchResultUsingDifferentDataSet -->
  <testcase name="verifyJobSearchResultUsingDifferentDataSet" time="4.084" classname="uk.co.library.testsuit.JobSearchTest"/>
</testsuite> <!-- Data Provider Test -->
